<?xml version="1.0" encoding="UTF-8"?>
<!-- Generated by org.testng.reporters.JUnitXMLReporter -->
<testsuite ignored="0" hostname="LAPTOP-0FGQSA9U" failures="0" tests="3" name="Test" time="2.421" errors="0" timestamp="2024-08-13T11:33:33 OMST">
  <testcase classname="baseClass.BaseProcess" name="@BeforeClass setup" time="0.868">
    <failure type="org.openqa.selenium.remote.NoSuchDriverException" message="chromedriver at location C:\Users\Jegadeesh\Downloads\chromedriver-win64\nitheesh\chromedriver-win64\chromedriver.exe, does not exist
For documentation on this error, please visit: https://www.selenium.dev/documentation/webdriver/troubleshooting/errors/driver_location/
Build info: version: &amp;apos;4.19.1&amp;apos;, revision: &amp;apos;abe0ee07dc&amp;apos;
System info: os.name: &amp;apos;Windows 11&amp;apos;, os.arch: &amp;apos;amd64&amp;apos;, os.version: &amp;apos;10.0&amp;apos;, java.version: &amp;apos;22.0.2&amp;apos;
Driver info: driver.version: ChromeDriver">
      <![CDATA[org.openqa.selenium.remote.NoSuchDriverException: chromedriver at location C:\Users\Jegadeesh\Downloads\chromedriver-win64\nitheesh\chromedriver-win64\chromedriver.exe, does not exist
For documentation on this error, please visit: https://www.selenium.dev/documentation/webdriver/troubleshooting/errors/driver_location/
Build info: version: '4.19.1', revision: 'abe0ee07dc'
System info: os.name: 'Windows 11', os.arch: 'amd64', os.version: '10.0', java.version: '22.0.2'
Driver info: driver.version: ChromeDriver
at org.openqa.selenium.remote.service.DriverFinder.getPath(DriverFinder.java:76)
at org.openqa.selenium.remote.service.DriverFinder.getPath(DriverFinder.java:33)
at org.openqa.selenium.chrome.ChromeDriver.generateExecutor(ChromeDriver.java:99)
at org.openqa.selenium.chrome.ChromeDriver.<init>(ChromeDriver.java:89)
at org.openqa.selenium.chrome.ChromeDriver.<init>(ChromeDriver.java:84)
at org.openqa.selenium.chrome.ChromeDriver.<init>(ChromeDriver.java:52)
at baseClass.BaseProcess.setup(BaseProcess.java:21)
at java.base/java.util.ArrayList.forEach(ArrayList.java:1597)
... Removed 23 stack frames]]>
    </failure>
  </testcase> <!-- @BeforeClass setup -->
  <testcase classname="baseClass.BaseProcess" name="@AfterClass tearDown" time="0.0">
    <skipped/>
  </testcase> <!-- @AfterClass tearDown -->
  <testcase classname="testcases.OrderPlacing" name="purchasing" time="0.0">
    <skipped/>
  </testcase> <!-- purchasing -->
  <testcase classname="testcases.OrderPlacing" name="purchasing" time="0.0">
    <skipped/>
  </testcase> <!-- purchasing -->
  <testcase classname="testcases.OrderPlacing" name="purchasing" time="0.0">
    <skipped/>
  </testcase> <!-- purchasing -->
</testsuite> <!-- Test -->
